<?xml version="1.0" encoding="UTF-8"?>
<testng-results ignored="0" total="1" passed="1" failed="0" skipped="0">
  <reporter-output>
  </reporter-output>
  <suite started-at="2025-02-27T16:29:23 IST" name="Default suite" finished-at="2025-02-27T16:29:38 IST" duration-ms="15366">
    <groups>
    </groups>
    <test started-at="2025-02-27T16:29:23 IST" name="Default test" finished-at="2025-02-27T16:29:38 IST" duration-ms="15366">
      <class name="PracticeFormElements.alerts_and_popups">
        <test-method signature="PopUpandAlerttest()[pri:0, instance:PracticeFormElements.alerts_and_popups@481a996b]" started-at="2025-02-27T16:29:23 IST" name="PopUpandAlerttest" finished-at="2025-02-27T16:29:38 IST" duration-ms="15333" status="PASS">
          <reporter-output>
          </reporter-output>
        </test-method> <!-- PopUpandAlerttest -->
      </class> <!-- PracticeFormElements.alerts_and_popups -->
    </test> <!-- Default test -->
  </suite> <!-- Default suite -->
</testng-results>
